2024-07-27 11:36:14,269 [Worker-8: Loading available Gradle versions] INFO  o.e.b.c.i.u.g.PublishedGradleVersions - Gradle version information cache is not available. Remote download required.
2024-07-27 12:28:19,008 [Worker-5: Loading available Gradle versions] INFO  o.e.b.c.i.u.g.PublishedGradleVersions - Gradle version information cache is up-to-date. Trying to read.
2024-07-27 14:55:02,839 [Worker-6: Loading available Gradle versions] INFO  o.e.b.c.i.u.g.PublishedGradleVersions - Gradle version information cache is up-to-date. Trying to read.
2024-07-27 19:04:20,741 [Worker-2: Loading available Gradle versions] INFO  o.e.b.c.i.u.g.PublishedGradleVersions - Gradle version information cache is up-to-date. Trying to read.
2024-08-04 23:12:15,228 [Worker-8: Loading available Gradle versions] INFO  o.e.b.c.i.u.g.PublishedGradleVersions - Gradle version information cache is up-to-date. Trying to read.
2024-08-06 11:15:54,863 [Worker-8: Loading available Gradle versions] INFO  o.e.b.c.i.u.g.PublishedGradleVersions - Gradle version information cache is out-of-date. Trying to update.
2024-08-06 11:33:51,318 [ModalContext] INFO  o.e.m.c.i.e.AbstractTransferListenerAdapter - Downloading https://repo.maven.apache.org/maven2/org/apache/maven/archetypes/maven-archetype-archetype/1.4/maven-archetype-archetype-1.4.pom
2024-08-06 11:33:51,325 [ModalContext] INFO  o.e.m.c.i.e.AbstractTransferListenerAdapter - Downloaded https://repo.maven.apache.org/maven2/org/apache/maven/archetypes/maven-archetype-archetype/1.4/maven-archetype-archetype-1.4.pom
2024-08-06 11:33:51,355 [ModalContext] INFO  o.e.m.c.i.e.AbstractTransferListenerAdapter - Downloading https://repo.maven.apache.org/maven2/org/apache/maven/archetypes/maven-archetype-bundles/1.4/maven-archetype-bundles-1.4.pom
2024-08-06 11:33:51,360 [ModalContext] INFO  o.e.m.c.i.e.AbstractTransferListenerAdapter - Downloaded https://repo.maven.apache.org/maven2/org/apache/maven/archetypes/maven-archetype-bundles/1.4/maven-archetype-bundles-1.4.pom
2024-08-06 11:33:51,398 [ModalContext] INFO  o.e.m.c.i.e.AbstractTransferListenerAdapter - Downloading https://repo.maven.apache.org/maven2/org/apache/maven/archetypes/maven-archetype-archetype/1.4/maven-archetype-archetype-1.4.jar
2024-08-06 11:33:51,401 [ModalContext] INFO  o.e.m.c.i.e.AbstractTransferListenerAdapter - Downloaded https://repo.maven.apache.org/maven2/org/apache/maven/archetypes/maven-archetype-archetype/1.4/maven-archetype-archetype-1.4.jar
2024-08-06 11:34:25,315 [Worker-50: Launching mavenrun-8ad7e5c1-221a-4671-80e2-85340d71202d] INFO  o.eclipse.m2e.core.internal.Bundles - getClasspathEntries(Bundle=org.eclipse.m2e.maven.runtime_3.9.700.20240602-2313 [297])
2024-08-06 11:34:25,316 [Worker-50: Launching mavenrun-8ad7e5c1-221a-4671-80e2-85340d71202d] INFO  o.eclipse.m2e.core.internal.Bundles - 	Entry: C:\Users\raimu\.p2\pool\plugins\org.eclipse.m2e.maven.runtime_3.9.700.20240602-2313
2024-08-06 11:34:25,316 [Worker-50: Launching mavenrun-8ad7e5c1-221a-4671-80e2-85340d71202d] INFO  o.eclipse.m2e.core.internal.Bundles - 	Entry: C:\Users\raimu\.p2\pool\plugins\org.eclipse.m2e.maven.runtime_3.9.700.20240602-2313\jars\aopalliance-1.0.jar
2024-08-06 11:34:25,316 [Worker-50: Launching mavenrun-8ad7e5c1-221a-4671-80e2-85340d71202d] INFO  o.eclipse.m2e.core.internal.Bundles - 	Entry: C:\Users\raimu\.p2\pool\plugins\org.eclipse.m2e.maven.runtime_3.9.700.20240602-2313\jars\guice-5.1.0.jar
2024-08-06 11:34:25,316 [Worker-50: Launching mavenrun-8ad7e5c1-221a-4671-80e2-85340d71202d] INFO  o.eclipse.m2e.core.internal.Bundles - 	Entry: C:\Users\raimu\.p2\pool\plugins\org.eclipse.m2e.maven.runtime_3.9.700.20240602-2313\jars\httpclient-4.5.14.jar
2024-08-06 11:34:25,317 [Worker-50: Launching mavenrun-8ad7e5c1-221a-4671-80e2-85340d71202d] INFO  o.eclipse.m2e.core.internal.Bundles - 	Entry: C:\Users\raimu\.p2\pool\plugins\org.eclipse.m2e.maven.runtime_3.9.700.20240602-2313\jars\httpcore-4.4.16.jar
2024-08-06 11:34:25,317 [Worker-50: Launching mavenrun-8ad7e5c1-221a-4671-80e2-85340d71202d] INFO  o.eclipse.m2e.core.internal.Bundles - 	Entry: C:\Users\raimu\.p2\pool\plugins\org.eclipse.m2e.maven.runtime_3.9.700.20240602-2313\jars\jansi-2.4.1.jar
2024-08-06 11:34:25,317 [Worker-50: Launching mavenrun-8ad7e5c1-221a-4671-80e2-85340d71202d] INFO  o.eclipse.m2e.core.internal.Bundles - 	Entry: C:\Users\raimu\.p2\pool\plugins\org.eclipse.m2e.maven.runtime_3.9.700.20240602-2313\jars\jcl-over-slf4j-1.7.36.jar
2024-08-06 11:34:25,317 [Worker-50: Launching mavenrun-8ad7e5c1-221a-4671-80e2-85340d71202d] INFO  o.eclipse.m2e.core.internal.Bundles - 	Entry: C:\Users\raimu\.p2\pool\plugins\org.eclipse.m2e.maven.runtime_3.9.700.20240602-2313\jars\maven-artifact-3.9.7.jar
2024-08-06 11:34:25,317 [Worker-50: Launching mavenrun-8ad7e5c1-221a-4671-80e2-85340d71202d] INFO  o.eclipse.m2e.core.internal.Bundles - 	Entry: C:\Users\raimu\.p2\pool\plugins\org.eclipse.m2e.maven.runtime_3.9.700.20240602-2313\jars\maven-builder-support-3.9.7.jar
2024-08-06 11:34:25,317 [Worker-50: Launching mavenrun-8ad7e5c1-221a-4671-80e2-85340d71202d] INFO  o.eclipse.m2e.core.internal.Bundles - 	Entry: C:\Users\raimu\.p2\pool\plugins\org.eclipse.m2e.maven.runtime_3.9.700.20240602-2313\jars\maven-compat-3.9.7.jar
2024-08-06 11:34:25,317 [Worker-50: Launching mavenrun-8ad7e5c1-221a-4671-80e2-85340d71202d] INFO  o.eclipse.m2e.core.internal.Bundles - 	Entry: C:\Users\raimu\.p2\pool\plugins\org.eclipse.m2e.maven.runtime_3.9.700.20240602-2313\jars\maven-core-3.9.7.jar
2024-08-06 11:34:25,318 [Worker-50: Launching mavenrun-8ad7e5c1-221a-4671-80e2-85340d71202d] INFO  o.eclipse.m2e.core.internal.Bundles - 	Entry: C:\Users\raimu\.p2\pool\plugins\org.eclipse.m2e.maven.runtime_3.9.700.20240602-2313\jars\maven-embedder-3.9.7.jar
2024-08-06 11:34:25,318 [Worker-50: Launching mavenrun-8ad7e5c1-221a-4671-80e2-85340d71202d] INFO  o.eclipse.m2e.core.internal.Bundles - 	Entry: C:\Users\raimu\.p2\pool\plugins\org.eclipse.m2e.maven.runtime_3.9.700.20240602-2313\jars\maven-model-3.9.7.jar
2024-08-06 11:34:25,318 [Worker-50: Launching mavenrun-8ad7e5c1-221a-4671-80e2-85340d71202d] INFO  o.eclipse.m2e.core.internal.Bundles - 	Entry: C:\Users\raimu\.p2\pool\plugins\org.eclipse.m2e.maven.runtime_3.9.700.20240602-2313\jars\maven-model-builder-3.9.7.jar
2024-08-06 11:34:25,318 [Worker-50: Launching mavenrun-8ad7e5c1-221a-4671-80e2-85340d71202d] INFO  o.eclipse.m2e.core.internal.Bundles - 	Entry: C:\Users\raimu\.p2\pool\plugins\org.eclipse.m2e.maven.runtime_3.9.700.20240602-2313\jars\maven-plugin-api-3.9.7.jar
2024-08-06 11:34:25,318 [Worker-50: Launching mavenrun-8ad7e5c1-221a-4671-80e2-85340d71202d] INFO  o.eclipse.m2e.core.internal.Bundles - 	Entry: C:\Users\raimu\.p2\pool\plugins\org.eclipse.m2e.maven.runtime_3.9.700.20240602-2313\jars\maven-repository-metadata-3.9.7.jar
2024-08-06 11:34:25,318 [Worker-50: Launching mavenrun-8ad7e5c1-221a-4671-80e2-85340d71202d] INFO  o.eclipse.m2e.core.internal.Bundles - 	Entry: C:\Users\raimu\.p2\pool\plugins\org.eclipse.m2e.maven.runtime_3.9.700.20240602-2313\jars\maven-resolver-api-1.9.20.jar
2024-08-06 11:34:25,318 [Worker-50: Launching mavenrun-8ad7e5c1-221a-4671-80e2-85340d71202d] INFO  o.eclipse.m2e.core.internal.Bundles - 	Entry: C:\Users\raimu\.p2\pool\plugins\org.eclipse.m2e.maven.runtime_3.9.700.20240602-2313\jars\maven-resolver-connector-basic-1.9.20.jar
2024-08-06 11:34:25,318 [Worker-50: Launching mavenrun-8ad7e5c1-221a-4671-80e2-85340d71202d] INFO  o.eclipse.m2e.core.internal.Bundles - 	Entry: C:\Users\raimu\.p2\pool\plugins\org.eclipse.m2e.maven.runtime_3.9.700.20240602-2313\jars\maven-resolver-impl-1.9.20.jar
2024-08-06 11:34:25,318 [Worker-50: Launching mavenrun-8ad7e5c1-221a-4671-80e2-85340d71202d] INFO  o.eclipse.m2e.core.internal.Bundles - 	Entry: C:\Users\raimu\.p2\pool\plugins\org.eclipse.m2e.maven.runtime_3.9.700.20240602-2313\jars\maven-resolver-named-locks-1.9.20.jar
2024-08-06 11:34:25,318 [Worker-50: Launching mavenrun-8ad7e5c1-221a-4671-80e2-85340d71202d] INFO  o.eclipse.m2e.core.internal.Bundles - 	Entry: C:\Users\raimu\.p2\pool\plugins\org.eclipse.m2e.maven.runtime_3.9.700.20240602-2313\jars\maven-resolver-provider-3.9.7.jar
2024-08-06 11:34:25,319 [Worker-50: Launching mavenrun-8ad7e5c1-221a-4671-80e2-85340d71202d] INFO  o.eclipse.m2e.core.internal.Bundles - 	Entry: C:\Users\raimu\.p2\pool\plugins\org.eclipse.m2e.maven.runtime_3.9.700.20240602-2313\jars\maven-resolver-spi-1.9.20.jar
2024-08-06 11:34:25,319 [Worker-50: Launching mavenrun-8ad7e5c1-221a-4671-80e2-85340d71202d] INFO  o.eclipse.m2e.core.internal.Bundles - 	Entry: C:\Users\raimu\.p2\pool\plugins\org.eclipse.m2e.maven.runtime_3.9.700.20240602-2313\jars\maven-resolver-transport-file-1.9.20.jar
2024-08-06 11:34:25,319 [Worker-50: Launching mavenrun-8ad7e5c1-221a-4671-80e2-85340d71202d] INFO  o.eclipse.m2e.core.internal.Bundles - 	Entry: C:\Users\raimu\.p2\pool\plugins\org.eclipse.m2e.maven.runtime_3.9.700.20240602-2313\jars\maven-resolver-transport-http-1.9.20.jar
2024-08-06 11:34:25,319 [Worker-50: Launching mavenrun-8ad7e5c1-221a-4671-80e2-85340d71202d] INFO  o.eclipse.m2e.core.internal.Bundles - 	Entry: C:\Users\raimu\.p2\pool\plugins\org.eclipse.m2e.maven.runtime_3.9.700.20240602-2313\jars\maven-resolver-transport-wagon-1.9.20.jar
2024-08-06 11:34:25,319 [Worker-50: Launching mavenrun-8ad7e5c1-221a-4671-80e2-85340d71202d] INFO  o.eclipse.m2e.core.internal.Bundles - 	Entry: C:\Users\raimu\.p2\pool\plugins\org.eclipse.m2e.maven.runtime_3.9.700.20240602-2313\jars\maven-resolver-util-1.9.20.jar
2024-08-06 11:34:25,319 [Worker-50: Launching mavenrun-8ad7e5c1-221a-4671-80e2-85340d71202d] INFO  o.eclipse.m2e.core.internal.Bundles - 	Entry: C:\Users\raimu\.p2\pool\plugins\org.eclipse.m2e.maven.runtime_3.9.700.20240602-2313\jars\maven-settings-3.9.7.jar
2024-08-06 11:34:25,319 [Worker-50: Launching mavenrun-8ad7e5c1-221a-4671-80e2-85340d71202d] INFO  o.eclipse.m2e.core.internal.Bundles - 	Entry: C:\Users\raimu\.p2\pool\plugins\org.eclipse.m2e.maven.runtime_3.9.700.20240602-2313\jars\maven-settings-builder-3.9.7.jar
2024-08-06 11:34:25,319 [Worker-50: Launching mavenrun-8ad7e5c1-221a-4671-80e2-85340d71202d] INFO  o.eclipse.m2e.core.internal.Bundles - 	Entry: C:\Users\raimu\.p2\pool\plugins\org.eclipse.m2e.maven.runtime_3.9.700.20240602-2313\jars\maven-shared-utils-3.4.2.jar
2024-08-06 11:34:25,319 [Worker-50: Launching mavenrun-8ad7e5c1-221a-4671-80e2-85340d71202d] INFO  o.eclipse.m2e.core.internal.Bundles - 	Entry: C:\Users\raimu\.p2\pool\plugins\org.eclipse.m2e.maven.runtime_3.9.700.20240602-2313\jars\org.eclipse.sisu.inject-0.9.0.M2.jar
2024-08-06 11:34:25,320 [Worker-50: Launching mavenrun-8ad7e5c1-221a-4671-80e2-85340d71202d] INFO  o.eclipse.m2e.core.internal.Bundles - 	Entry: C:\Users\raimu\.p2\pool\plugins\org.eclipse.m2e.maven.runtime_3.9.700.20240602-2313\jars\org.eclipse.sisu.plexus-0.9.0.M2.jar
2024-08-06 11:34:25,320 [Worker-50: Launching mavenrun-8ad7e5c1-221a-4671-80e2-85340d71202d] INFO  o.eclipse.m2e.core.internal.Bundles - 	Entry: C:\Users\raimu\.p2\pool\plugins\org.eclipse.m2e.maven.runtime_3.9.700.20240602-2313\jars\plexus-build-api-0.0.7.jar
2024-08-06 11:34:25,320 [Worker-50: Launching mavenrun-8ad7e5c1-221a-4671-80e2-85340d71202d] INFO  o.eclipse.m2e.core.internal.Bundles - 	Entry: C:\Users\raimu\.p2\pool\plugins\org.eclipse.m2e.maven.runtime_3.9.700.20240602-2313\jars\plexus-build-api-1.2.0.jar
2024-08-06 11:34:25,320 [Worker-50: Launching mavenrun-8ad7e5c1-221a-4671-80e2-85340d71202d] INFO  o.eclipse.m2e.core.internal.Bundles - 	Entry: C:\Users\raimu\.p2\pool\plugins\org.eclipse.m2e.maven.runtime_3.9.700.20240602-2313\jars\plexus-cipher-2.0.jar
2024-08-06 11:34:25,320 [Worker-50: Launching mavenrun-8ad7e5c1-221a-4671-80e2-85340d71202d] INFO  o.eclipse.m2e.core.internal.Bundles - 	Entry: C:\Users\raimu\.p2\pool\plugins\org.eclipse.m2e.maven.runtime_3.9.700.20240602-2313\jars\plexus-classworlds-2.8.0.jar
2024-08-06 11:34:25,320 [Worker-50: Launching mavenrun-8ad7e5c1-221a-4671-80e2-85340d71202d] INFO  o.eclipse.m2e.core.internal.Bundles - 	Entry: C:\Users\raimu\.p2\pool\plugins\org.eclipse.m2e.maven.runtime_3.9.700.20240602-2313\jars\plexus-component-annotations-2.1.0.jar
2024-08-06 11:34:25,320 [Worker-50: Launching mavenrun-8ad7e5c1-221a-4671-80e2-85340d71202d] INFO  o.eclipse.m2e.core.internal.Bundles - 	Entry: C:\Users\raimu\.p2\pool\plugins\org.eclipse.m2e.maven.runtime_3.9.700.20240602-2313\jars\plexus-interpolation-1.27.jar
2024-08-06 11:34:25,320 [Worker-50: Launching mavenrun-8ad7e5c1-221a-4671-80e2-85340d71202d] INFO  o.eclipse.m2e.core.internal.Bundles - 	Entry: C:\Users\raimu\.p2\pool\plugins\org.eclipse.m2e.maven.runtime_3.9.700.20240602-2313\jars\plexus-sec-dispatcher-2.0.jar
2024-08-06 11:34:25,321 [Worker-50: Launching mavenrun-8ad7e5c1-221a-4671-80e2-85340d71202d] INFO  o.eclipse.m2e.core.internal.Bundles - 	Entry: C:\Users\raimu\.p2\pool\plugins\org.eclipse.m2e.maven.runtime_3.9.700.20240602-2313\jars\plexus-utils-3.5.1.jar
2024-08-06 11:34:25,321 [Worker-50: Launching mavenrun-8ad7e5c1-221a-4671-80e2-85340d71202d] INFO  o.eclipse.m2e.core.internal.Bundles - 	Entry: C:\Users\raimu\.p2\pool\plugins\org.eclipse.m2e.maven.runtime_3.9.700.20240602-2313\jars\wagon-file-3.5.3.jar
2024-08-06 11:34:25,321 [Worker-50: Launching mavenrun-8ad7e5c1-221a-4671-80e2-85340d71202d] INFO  o.eclipse.m2e.core.internal.Bundles - 	Entry: C:\Users\raimu\.p2\pool\plugins\org.eclipse.m2e.maven.runtime_3.9.700.20240602-2313\jars\wagon-http-3.5.3.jar
2024-08-06 11:34:25,321 [Worker-50: Launching mavenrun-8ad7e5c1-221a-4671-80e2-85340d71202d] INFO  o.eclipse.m2e.core.internal.Bundles - 	Entry: C:\Users\raimu\.p2\pool\plugins\org.eclipse.m2e.maven.runtime_3.9.700.20240602-2313\jars\wagon-http-shared-3.5.3.jar
2024-08-06 11:34:25,321 [Worker-50: Launching mavenrun-8ad7e5c1-221a-4671-80e2-85340d71202d] INFO  o.eclipse.m2e.core.internal.Bundles - 	Entry: C:\Users\raimu\.p2\pool\plugins\org.eclipse.m2e.maven.runtime_3.9.700.20240602-2313\jars\wagon-provider-api-3.5.3.jar
2024-08-06 11:34:25,323 [Worker-50: Launching mavenrun-8ad7e5c1-221a-4671-80e2-85340d71202d] INFO  o.eclipse.m2e.core.internal.Bundles - getClasspathEntries(Bundle=com.google.guava_33.2.0.jre [10])
2024-08-06 11:34:25,324 [Worker-50: Launching mavenrun-8ad7e5c1-221a-4671-80e2-85340d71202d] INFO  o.eclipse.m2e.core.internal.Bundles - 	Entry: C:\Users\raimu\.p2\pool\plugins\com.google.guava_33.2.0.jre.jar
2024-08-06 11:34:25,324 [Worker-50: Launching mavenrun-8ad7e5c1-221a-4671-80e2-85340d71202d] INFO  o.eclipse.m2e.core.internal.Bundles - getClasspathEntries(Bundle=slf4j.api_2.0.13 [518])
2024-08-06 11:34:25,324 [Worker-50: Launching mavenrun-8ad7e5c1-221a-4671-80e2-85340d71202d] INFO  o.eclipse.m2e.core.internal.Bundles - 	Entry: C:\Users\raimu\.p2\pool\plugins\slf4j.api_2.0.13.jar
2024-08-06 11:34:25,324 [Worker-50: Launching mavenrun-8ad7e5c1-221a-4671-80e2-85340d71202d] INFO  o.eclipse.m2e.core.internal.Bundles - getClasspathEntries(Bundle=jakarta.inject.jakarta.inject-api_1.0.5 [21])
2024-08-06 11:34:25,324 [Worker-50: Launching mavenrun-8ad7e5c1-221a-4671-80e2-85340d71202d] INFO  o.eclipse.m2e.core.internal.Bundles - 	Entry: C:\Users\raimu\.p2\pool\plugins\jakarta.inject.jakarta.inject-api_1.0.5.jar
2024-08-06 11:34:25,324 [Worker-50: Launching mavenrun-8ad7e5c1-221a-4671-80e2-85340d71202d] INFO  o.eclipse.m2e.core.internal.Bundles - getClasspathEntries(Bundle=javax.annotation_1.3.5.v20200909-1856 [24])
2024-08-06 11:34:25,324 [Worker-50: Launching mavenrun-8ad7e5c1-221a-4671-80e2-85340d71202d] INFO  o.eclipse.m2e.core.internal.Bundles - 	Entry: C:\Users\raimu\.p2\pool\plugins\javax.annotation_1.3.5.v20200909-1856.jar
2024-08-06 11:34:25,324 [Worker-50: Launching mavenrun-8ad7e5c1-221a-4671-80e2-85340d71202d] INFO  o.eclipse.m2e.core.internal.Bundles - getClasspathEntries(Bundle=org.apache.commons.cli_1.8.0 [47])
2024-08-06 11:34:25,324 [Worker-50: Launching mavenrun-8ad7e5c1-221a-4671-80e2-85340d71202d] INFO  o.eclipse.m2e.core.internal.Bundles - 	Entry: C:\Users\raimu\.p2\pool\plugins\org.apache.commons.cli_1.8.0.jar
2024-08-06 11:34:25,324 [Worker-50: Launching mavenrun-8ad7e5c1-221a-4671-80e2-85340d71202d] INFO  o.eclipse.m2e.core.internal.Bundles - getClasspathEntries(Bundle=org.apache.commons.commons-codec_1.16.0 [48])
2024-08-06 11:34:25,325 [Worker-50: Launching mavenrun-8ad7e5c1-221a-4671-80e2-85340d71202d] INFO  o.eclipse.m2e.core.internal.Bundles - 	Entry: C:\Users\raimu\.p2\pool\plugins\org.apache.commons.commons-codec_1.16.0.jar
2024-08-06 11:34:25,325 [Worker-50: Launching mavenrun-8ad7e5c1-221a-4671-80e2-85340d71202d] INFO  o.eclipse.m2e.core.internal.Bundles - getClasspathEntries(Bundle=org.apache.commons.lang3_3.14.0 [54])
2024-08-06 11:34:25,325 [Worker-50: Launching mavenrun-8ad7e5c1-221a-4671-80e2-85340d71202d] INFO  o.eclipse.m2e.core.internal.Bundles - 	Entry: C:\Users\raimu\.p2\pool\plugins\org.apache.commons.lang3_3.14.0.jar
2024-08-06 11:34:25,325 [Worker-50: Launching mavenrun-8ad7e5c1-221a-4671-80e2-85340d71202d] INFO  o.eclipse.m2e.core.internal.Bundles - getClasspathEntries(Bundle=com.google.guava.failureaccess_1.0.2 [11])
2024-08-06 11:34:25,325 [Worker-50: Launching mavenrun-8ad7e5c1-221a-4671-80e2-85340d71202d] INFO  o.eclipse.m2e.core.internal.Bundles - 	Entry: C:\Users\raimu\.p2\pool\plugins\com.google.guava.failureaccess_1.0.2.jar
2024-08-06 11:34:25,331 [Worker-50: Launching mavenrun-8ad7e5c1-221a-4671-80e2-85340d71202d] INFO  o.e.m.i.launch.MavenLaunchDelegate - Run build in "C:\Users\raimu\AppData\Local\Temp\m2e-archetypeGenerator8336170154955094486":
2024-08-06 11:34:25,333 [Worker-50: Launching mavenrun-8ad7e5c1-221a-4671-80e2-85340d71202d] INFO  o.e.m.i.launch.MavenLaunchDelegate -  mvn  -DarchetypeGroupId=org.apache.maven.archetypes -DarchetypeArtifactId=maven-archetype-archetype -DarchetypeVersion=1.4 -DgroupId=myproj -DartifactId=gitproj -Dversion=0.0.1-SNAPSHOT -Dpackage=myproj.gitproj -DoutputDirectory=C:\Users\raimu\eclipse-workspace -Dstyle.color=always -U archetype:generate
